[17:36:41] [Client thread/INFO]: Setting user: Player30
[17:36:44] [Client thread/WARN]: Skipping bad option: lastServer:
[17:36:44] [Client thread/INFO]: LWJGL Version: 2.9.4
[17:36:48] [Client thread/INFO]: Reloading ResourceManager: Default, FMLFileResourcePack:Forge Mod Loader, FMLFileResourcePack:Minecraft Forge, FMLFileResourcePack:BenBF-Mod
[17:36:49] [Sound Library Loader/INFO]: Starting up SoundSystem...
[17:36:49] [Thread-7/INFO]: Initializing LWJGL OpenAL
[17:36:49] [Thread-7/INFO]: (The LWJGL binding of OpenAL.  For more information, see http://www.lwjgl.org)
[17:36:50] [Thread-7/INFO]: OpenAL initialized.
[17:36:50] [Sound Library Loader/INFO]: Sound engine started
[17:36:52] [Client thread/INFO]: Created: 16x16 textures-atlas
[17:36:54] [Client thread/INFO]: Reloading ResourceManager: Default, FMLFileResourcePack:Forge Mod Loader, FMLFileResourcePack:Minecraft Forge, FMLFileResourcePack:BenBF-Mod
[17:36:54] [Client thread/INFO]: SoundSystem shutting down...
[17:36:54] [Client thread/WARN]: Author: Paul Lamb, www.paulscode.com
[17:36:54] [Sound Library Loader/INFO]: Starting up SoundSystem...
[17:36:55] [Thread-9/INFO]: Initializing LWJGL OpenAL
[17:36:55] [Thread-9/INFO]: (The LWJGL binding of OpenAL.  For more information, see http://www.lwjgl.org)
[17:36:55] [Thread-9/INFO]: OpenAL initialized.
[17:36:55] [Sound Library Loader/INFO]: Sound engine started
[17:36:56] [Client thread/INFO]: Created: 512x512 textures-atlas
[17:36:57] [Client thread/WARN]: Skipping bad option: lastServer:
[17:36:58] [Realms Notification Availability checker #1/INFO]: Could not authorize you against Realms server: Invalid session id
[17:37:32] [Client thread/INFO]: Stopping!
[17:37:32] [Client thread/INFO]: SoundSystem shutting down...
[17:37:32] [Client thread/WARN]: Author: Paul Lamb, www.paulscode.com
